<?xml version="1.0" encoding="UTF-8"?>
<testng-results ignored="0" total="1" passed="1" failed="0" skipped="0">
  <reporter-output>
  </reporter-output>
  <suite started-at="2023-06-03T11:56:25 IST" name="Default suite" finished-at="2023-06-03T11:56:29 IST" duration-ms="4179">
    <groups>
    </groups>
    <test started-at="2023-06-03T11:56:25 IST" name="Default test" finished-at="2023-06-03T11:56:29 IST" duration-ms="4179">
      <class name="day1.Class1">
        <test-method is-config="true" signature="setup()[pri:0, instance:day1.Class1@5d0a1059]" started-at="2023-06-03T11:56:25 IST" name="setup" finished-at="2023-06-03T11:56:28 IST" duration-ms="3722" status="PASS">
          <reporter-output>
          </reporter-output>
        </test-method> <!-- setup -->
        <test-method signature="Tc1()[pri:0, instance:day1.Class1@5d0a1059]" started-at="2023-06-03T11:56:28 IST" name="Tc1" finished-at="2023-06-03T11:56:29 IST" duration-ms="406" status="PASS">
          <reporter-output>
          </reporter-output>
        </test-method> <!-- Tc1 -->
      </class> <!-- day1.Class1 -->
    </test> <!-- Default test -->
  </suite> <!-- Default suite -->
</testng-results>
